<?xml version="1.0" encoding="UTF-8"?>
<testsuite name="Cucumber" time="0.264" tests="2" skipped="0" failures="0" errors="0">
<testcase classname="to test login functionality" name="check login functionality - Example #1.1" time="0.04">
<system-out><![CDATA[
Given user is on login page.................................................passed
When user enters user1 and pass1............................................passed
And User clicks on password.................................................passed
Then user is navigated to home page.........................................passed
]]></system-out>
</testcase>
<testcase classname="to test login functionality" name="check login functionality - Example #1.2" time="0.003">
<system-out><![CDATA[
Given user is on login page.................................................passed
When user enters user2 and pass2............................................passed
And User clicks on password.................................................passed
Then user is navigated to home page.........................................passed
]]></system-out>
</testcase>
</testsuite>
